{
  "stats": {
    "suites": 12,
    "tests": 41,
    "passes": 23,
    "pending": 0,
    "failures": 18,
    "start": "2022-05-03T11:51:59.815Z",
    "end": "2022-05-03T11:53:46.610Z",
    "duration": 106795,
    "testsRegistered": 41,
    "passPercent": 56.09756097560976,
    "pendingPercent": 0,
    "other": 0,
    "hasOther": false,
    "skipped": 0,
    "hasSkipped": false
  },
  "results": [
    {
      "uuid": "448585bd-da5c-4499-9133-7c773b111d92",
      "title": "",
      "fullFile": "cypress/integration/project.spec.js",
      "file": "cypress/integration/project.spec.js",
      "beforeHooks": [],
      "afterHooks": [],
      "tests": [],
      "suites": [
        {
          "uuid": "240c6fc2-d945-49c4-ac69-7e52bd3ec7a1",
          "title": "1 - Adicione à página o título \"Paleta de Cores\".",
          "fullFile": "",
          "file": "",
          "beforeHooks": [],
          "afterHooks": [],
          "tests": [
            {
              "title": "Verifica se contém um elemento `h1` com o id `title` com o título correto",
              "fullTitle": "1 - Adicione à página o título \"Paleta de Cores\". Verifica se contém um elemento `h1` com o id `title` com o título correto",
              "timedOut": null,
              "duration": 473,
              "state": "passed",
              "speed": "slow",
              "pass": true,
              "fail": false,
              "pending": false,
              "context": null,
              "code": "cy.get('h1#title').should('contain.text', 'Paleta de Cores');",
              "err": {},
              "uuid": "0ed6e332-8e6c-45dc-8860-c615e8e8dace",
              "parentUUID": "240c6fc2-d945-49c4-ac69-7e52bd3ec7a1",
              "isHook": false,
              "skipped": false
            }
          ],
          "suites": [],
          "passes": [
            "0ed6e332-8e6c-45dc-8860-c615e8e8dace"
          ],
          "failures": [],
          "pending": [],
          "skipped": [],
          "duration": 473,
          "root": false,
          "rootEmpty": false,
          "_timeout": 2000
        },
        {
          "uuid": "f4149cbd-8f9d-411c-bd47-482d4c2f09a5",
          "title": "2 - Adicione à página uma paleta de quatro cores distintas.",
          "fullFile": "",
          "file": "",
          "beforeHooks": [],
          "afterHooks": [],
          "tests": [
            {
              "title": "A paleta de cores deve ser um elemento com `id` denominado `color-palette` e ter mais de 0px de altura e de largura.",
              "fullTitle": "2 - Adicione à página uma paleta de quatro cores distintas. A paleta de cores deve ser um elemento com `id` denominado `color-palette` e ter mais de 0px de altura e de largura.",
              "timedOut": null,
              "duration": 430,
              "state": "passed",
              "speed": "slow",
              "pass": true,
              "fail": false,
              "pending": false,
              "context": null,
              "code": "cy.get('#color-palette').should('be.visible');\ncy.get('#color-palette').children('.color');",
              "err": {},
              "uuid": "553686a3-cc89-4167-8736-81c92ad917e0",
              "parentUUID": "f4149cbd-8f9d-411c-bd47-482d4c2f09a5",
              "isHook": false,
              "skipped": false
            },
            {
              "title": "Verifica se cada cor individual da paleta de cores possui a `classe` chamada `color`.",
              "fullTitle": "2 - Adicione à página uma paleta de quatro cores distintas. Verifica se cada cor individual da paleta de cores possui a `classe` chamada `color`.",
              "timedOut": null,
              "duration": 324,
              "state": "passed",
              "speed": "slow",
              "pass": true,
              "fail": false,
              "pending": false,
              "context": null,
              "code": "cy.get('.color').should('have.length', 4).then(function (colors) {\n  for (var i = 0; i < colors.length; i++) {\n    cy.wrap(colors[i]).should('be.visible');\n  }\n});",
              "err": {},
              "uuid": "dba177cb-b0f9-46bd-9e05-38d060295f6f",
              "parentUUID": "f4149cbd-8f9d-411c-bd47-482d4c2f09a5",
              "isHook": false,
              "skipped": false
            },
            {
              "title": "Verifica se a cor de fundo de cada elemento da paleta é a cor que o elemento representa. **A única cor não permitida na paleta é a cor branca.**",
              "fullTitle": "2 - Adicione à página uma paleta de quatro cores distintas. Verifica se a cor de fundo de cada elemento da paleta é a cor que o elemento representa. **A única cor não permitida na paleta é a cor branca.**",
              "timedOut": null,
              "duration": 511,
              "state": "passed",
              "speed": "slow",
              "pass": true,
              "fail": false,
              "pending": false,
              "context": null,
              "code": "cy.get('.color').each(function (color) {\n  cy.wrap(color).should('have.class', 'color').and('not.have.css', 'background-color', WHITE);\n  cy.wrap(color).should('have.css', 'background-color');\n});",
              "err": {},
              "uuid": "baaacced-79e0-49d3-a1dc-74a84423ab2d",
              "parentUUID": "f4149cbd-8f9d-411c-bd47-482d4c2f09a5",
              "isHook": false,
              "skipped": false
            },
            {
              "title": "Verifica se cada elemento da paleta de cores tem uma borda preta, sólida e com 1 pixel de largura;",
              "fullTitle": "2 - Adicione à página uma paleta de quatro cores distintas. Verifica se cada elemento da paleta de cores tem uma borda preta, sólida e com 1 pixel de largura;",
              "timedOut": null,
              "duration": 287,
              "state": "passed",
              "speed": "slow",
              "pass": true,
              "fail": false,
              "pending": false,
              "context": null,
              "code": "cy.get('.color').each(function (color) {\n  cy.wrap(color).and('have.css', 'border', \"1px solid \".concat(BLACK)).and('have.class', 'color');\n});",
              "err": {},
              "uuid": "ead979e9-90ce-4b6d-a9ae-a2910619306b",
              "parentUUID": "f4149cbd-8f9d-411c-bd47-482d4c2f09a5",
              "isHook": false,
              "skipped": false
            },
            {
              "title": "Verifica se a paleta lista todas as cores disponíveis para utilização, lado a lado.",
              "fullTitle": "2 - Adicione à página uma paleta de quatro cores distintas. Verifica se a paleta lista todas as cores disponíveis para utilização, lado a lado.",
              "timedOut": null,
              "duration": 203,
              "state": "passed",
              "speed": "slow",
              "pass": true,
              "fail": false,
              "pending": false,
              "context": null,
              "code": "cy.get('.color').then(function (colors) {\n  for (var index = 1; index < colors.length; index += 1) {\n    var currentColor = colors[index];\n    var previousColor = colors[index - 1];\n    cy.wrap(currentColor).should('be.onTheRightOf', previousColor).and('be.horizontallyAlignedWith', previousColor);\n  }\n});",
              "err": {},
              "uuid": "8dd48a57-7ba0-4c40-bd03-9ea61b1add5d",
              "parentUUID": "f4149cbd-8f9d-411c-bd47-482d4c2f09a5",
              "isHook": false,
              "skipped": false
            },
            {
              "title": "Verifica se a paleta de cores está posicionada abaixo do título 'Paleta de Cores'",
              "fullTitle": "2 - Adicione à página uma paleta de quatro cores distintas. Verifica se a paleta de cores está posicionada abaixo do título 'Paleta de Cores'",
              "timedOut": null,
              "duration": 199,
              "state": "passed",
              "speed": "slow",
              "pass": true,
              "fail": false,
              "pending": false,
              "context": null,
              "code": "cy.get('h1#title').then(function (title) {\n  cy.get('#color-palette').should('be.belowOf', title);\n});",
              "err": {},
              "uuid": "002f95a3-5f1c-4354-adf2-03a82c528135",
              "parentUUID": "f4149cbd-8f9d-411c-bd47-482d4c2f09a5",
              "isHook": false,
              "skipped": false
            },
            {
              "title": "Verifica se a paleta de cores não contém cores repetidas.",
              "fullTitle": "2 - Adicione à página uma paleta de quatro cores distintas. Verifica se a paleta de cores não contém cores repetidas.",
              "timedOut": null,
              "duration": 153,
              "state": "passed",
              "speed": "slow",
              "pass": true,
              "fail": false,
              "pending": false,
              "context": null,
              "code": "cy.get('.color').then(function (colors) {\n  var allColors = Array.from(colors).map(function (color) {\n    return Cypress.$(color).css('background-color');\n  });\n  cy.log(allColors);\n  var uniqColors = (0, _toConsumableArray2[\"default\"])(new Set(allColors));\n  cy.log(uniqColors);\n  expect(allColors.length).to.eq(uniqColors.length);\n});",
              "err": {},
              "uuid": "f5963a6e-c2ea-400b-9c2d-2c7d0b96a2c7",
              "parentUUID": "f4149cbd-8f9d-411c-bd47-482d4c2f09a5",
              "isHook": false,
              "skipped": false
            }
          ],
          "suites": [],
          "passes": [
            "553686a3-cc89-4167-8736-81c92ad917e0",
            "dba177cb-b0f9-46bd-9e05-38d060295f6f",
            "baaacced-79e0-49d3-a1dc-74a84423ab2d",
            "ead979e9-90ce-4b6d-a9ae-a2910619306b",
            "8dd48a57-7ba0-4c40-bd03-9ea61b1add5d",
            "002f95a3-5f1c-4354-adf2-03a82c528135",
            "f5963a6e-c2ea-400b-9c2d-2c7d0b96a2c7"
          ],
          "failures": [],
          "pending": [],
          "skipped": [],
          "duration": 2107,
          "root": false,
          "rootEmpty": false,
          "_timeout": 2000
        },
        {
          "uuid": "9df74258-29ba-4e3c-99da-4ae60a9ea93d",
          "title": "3 - Adicione a cor **preta** como a primeira cor da paleta de cores.",
          "fullFile": "",
          "file": "",
          "beforeHooks": [],
          "afterHooks": [],
          "tests": [
            {
              "title": "Verifica se a primeira cor da paleta é preta",
              "fullTitle": "3 - Adicione a cor **preta** como a primeira cor da paleta de cores. Verifica se a primeira cor da paleta é preta",
              "timedOut": null,
              "duration": 195,
              "state": "passed",
              "speed": "slow",
              "pass": true,
              "fail": false,
              "pending": false,
              "context": null,
              "code": "cy.get('.color').first().should('have.css', 'background-color', BLACK);",
              "err": {},
              "uuid": "45ecfa01-c346-494b-a7c8-0996a6d628b5",
              "parentUUID": "9df74258-29ba-4e3c-99da-4ae60a9ea93d",
              "isHook": false,
              "skipped": false
            },
            {
              "title": "Verifica se as demais cores podem ser escolhidas livremente.",
              "fullTitle": "3 - Adicione a cor **preta** como a primeira cor da paleta de cores. Verifica se as demais cores podem ser escolhidas livremente.",
              "timedOut": null,
              "duration": 419,
              "state": "passed",
              "speed": "slow",
              "pass": true,
              "fail": false,
              "pending": false,
              "context": null,
              "code": "cy.get('.color').eq(1).should('not.have.css', 'background-color', BLACK);\ncy.get('.color').eq(1).should('not.have.css', 'background-color', WHITE);\ncy.get('.color').eq(1).should('not.have.css', 'background-color', 'rgba(0, 0, 0, 0)');\ncy.get('.color').eq(1).should('have.css', 'background-color');\ncy.get('.color').eq(2).should('not.have.css', 'background-color', BLACK);\ncy.get('.color').eq(2).should('not.have.css', 'background-color', WHITE);\ncy.get('.color').eq(2).should('not.have.css', 'background-color', 'rgba(0, 0, 0, 0)');\ncy.get('.color').eq(2).should('have.css', 'background-color');\ncy.get('.color').eq(3).should('not.have.css', 'background-color', BLACK);\ncy.get('.color').eq(3).should('not.have.css', 'background-color', WHITE);\ncy.get('.color').eq(3).should('not.have.css', 'background-color', 'rgba(0, 0, 0, 0)');\ncy.get('.color').eq(3).should('have.css', 'background-color');",
              "err": {},
              "uuid": "31bd0ee4-3be3-41d9-bb1b-bd530341b2c7",
              "parentUUID": "9df74258-29ba-4e3c-99da-4ae60a9ea93d",
              "isHook": false,
              "skipped": false
            }
          ],
          "suites": [],
          "passes": [
            "45ecfa01-c346-494b-a7c8-0996a6d628b5",
            "31bd0ee4-3be3-41d9-bb1b-bd530341b2c7"
          ],
          "failures": [],
          "pending": [],
          "skipped": [],
          "duration": 614,
          "root": false,
          "rootEmpty": false,
          "_timeout": 2000
        },
        {
          "uuid": "4c1c05b8-54bc-4445-91a2-1c6a78b03caf",
          "title": "4 - Adicione à página um quadro de pixels, com 25 pixels.",
          "fullFile": "",
          "file": "",
          "beforeHooks": [],
          "afterHooks": [],
          "tests": [
            {
              "title": "Verifica se o quadro de pixels possui o `id` denominado `pixel-board`",
              "fullTitle": "4 - Adicione à página um quadro de pixels, com 25 pixels. Verifica se o quadro de pixels possui o `id` denominado `pixel-board`",
              "timedOut": null,
              "duration": 228,
              "state": "passed",
              "speed": "slow",
              "pass": true,
              "fail": false,
              "pending": false,
              "context": null,
              "code": "cy.get('#pixel-board').should('be.visible');",
              "err": {},
              "uuid": "2565a5c0-6ebc-411d-8e8b-7f7b2e9819a5",
              "parentUUID": "4c1c05b8-54bc-4445-91a2-1c6a78b03caf",
              "isHook": false,
              "skipped": false
            },
            {
              "title": "Verifica se cada pixel individual dentro do quadro possui a `classe` denominada `pixel`.",
              "fullTitle": "4 - Adicione à página um quadro de pixels, com 25 pixels. Verifica se cada pixel individual dentro do quadro possui a `classe` denominada `pixel`.",
              "timedOut": null,
              "duration": 194,
              "state": "passed",
              "speed": "slow",
              "pass": true,
              "fail": false,
              "pending": false,
              "context": null,
              "code": "cy.get('.pixel').should('have.length', 25);",
              "err": {},
              "uuid": "96bfb9ca-0640-4d05-b4d2-d9d8a8bf4772",
              "parentUUID": "4c1c05b8-54bc-4445-91a2-1c6a78b03caf",
              "isHook": false,
              "skipped": false
            },
            {
              "title": "Verifica se a cor inicial dos pixels dentro do quadro, ao abrir a página, é branca.",
              "fullTitle": "4 - Adicione à página um quadro de pixels, com 25 pixels. Verifica se a cor inicial dos pixels dentro do quadro, ao abrir a página, é branca.",
              "timedOut": null,
              "duration": 430,
              "state": "passed",
              "speed": "slow",
              "pass": true,
              "fail": false,
              "pending": false,
              "context": null,
              "code": "cy.get('.pixel').should('have.length', 25).each(function (pixel) {\n  expect(pixel).to.have.css('background-color', WHITE);\n});",
              "err": {},
              "uuid": "c80184f8-fe2e-43c0-b086-6e19e31ff1a6",
              "parentUUID": "4c1c05b8-54bc-4445-91a2-1c6a78b03caf",
              "isHook": false,
              "skipped": false
            },
            {
              "title": "Verifica se o quadro de pixels aparece abaixo da paleta de cores",
              "fullTitle": "4 - Adicione à página um quadro de pixels, com 25 pixels. Verifica se o quadro de pixels aparece abaixo da paleta de cores",
              "timedOut": null,
              "duration": 251,
              "state": "passed",
              "speed": "slow",
              "pass": true,
              "fail": false,
              "pending": false,
              "context": null,
              "code": "cy.get('#color-palette').then(function (palette) {\n  cy.get('#pixel-board').should('be.belowOf', palette);\n});",
              "err": {},
              "uuid": "e4f30a4e-7da2-4d10-b4f8-549846fef244",
              "parentUUID": "4c1c05b8-54bc-4445-91a2-1c6a78b03caf",
              "isHook": false,
              "skipped": false
            }
          ],
          "suites": [],
          "passes": [
            "2565a5c0-6ebc-411d-8e8b-7f7b2e9819a5",
            "96bfb9ca-0640-4d05-b4d2-d9d8a8bf4772",
            "c80184f8-fe2e-43c0-b086-6e19e31ff1a6",
            "e4f30a4e-7da2-4d10-b4f8-549846fef244"
          ],
          "failures": [],
          "pending": [],
          "skipped": [],
          "duration": 1103,
          "root": false,
          "rootEmpty": false,
          "_timeout": 2000
        },
        {
          "uuid": "8874982a-4713-4fa1-ab3c-359a9889d624",
          "title": "5 - Faça com que cada elemento do quadro de pixels possua 40 pixels de largura, 40 pixels de altura e seja delimitado por uma borda preta de 1 pixel.",
          "fullFile": "",
          "file": "",
          "beforeHooks": [],
          "afterHooks": [],
          "tests": [
            {
              "title": "Verifica se o quadro de pixels tem altura e comprimento de 5 elementos",
              "fullTitle": "5 - Faça com que cada elemento do quadro de pixels possua 40 pixels de largura, 40 pixels de altura e seja delimitado por uma borda preta de 1 pixel. Verifica se o quadro de pixels tem altura e comprimento de 5 elementos",
              "timedOut": null,
              "duration": 608,
              "state": "passed",
              "speed": "slow",
              "pass": true,
              "fail": false,
              "pending": false,
              "context": null,
              "code": "cy.get('.pixel').should('have.length', 25).each(function (pixel) {\n  expect(pixel).to.have.css('background-color', WHITE);\n}).and(function (pixels) {\n  var rows = chunk(pixels, 5);\n  rows.forEach(function (row) {\n    for (var index = 1; index < row.length; index += 1) {\n      var current = pixels[index];\n      var previous = pixels[index - 1];\n      cy.wrap(current).should('be.onTheRightOf', previous).and('be.horizontallyAlignedWith', previous);\n    }\n  });\n  for (var index = 1; index < 5; index += 1) {\n    expect(pixels[index * 5]).to.be.belowOf(pixels[(index - 1) * 5]);\n  }\n});",
              "err": {},
              "uuid": "8c61fd2b-6ff7-476a-9c4c-1f1a11eac149",
              "parentUUID": "8874982a-4713-4fa1-ab3c-359a9889d624",
              "isHook": false,
              "skipped": false
            },
            {
              "title": "Verifica se 40 pixels é o tamanho total do elemento, incluindo seu conteúdo e excluindo a borda preta, que deve ser criada à parte.",
              "fullTitle": "5 - Faça com que cada elemento do quadro de pixels possua 40 pixels de largura, 40 pixels de altura e seja delimitado por uma borda preta de 1 pixel. Verifica se 40 pixels é o tamanho total do elemento, incluindo seu conteúdo e excluindo a borda preta, que deve ser criada à parte.",
              "timedOut": null,
              "duration": 603,
              "state": "passed",
              "speed": "slow",
              "pass": true,
              "fail": false,
              "pending": false,
              "context": null,
              "code": "cy.get('.pixel').each(function (pixel) {\n  cy.wrap(pixel).should('have.css', 'height', '40px').and('have.css', 'width', '40px').and('have.css', 'border', \"1px solid \".concat(BLACK));\n});",
              "err": {},
              "uuid": "4427a9d0-502d-4642-b4ec-81460ae060d6",
              "parentUUID": "8874982a-4713-4fa1-ab3c-359a9889d624",
              "isHook": false,
              "skipped": false
            }
          ],
          "suites": [],
          "passes": [
            "8c61fd2b-6ff7-476a-9c4c-1f1a11eac149",
            "4427a9d0-502d-4642-b4ec-81460ae060d6"
          ],
          "failures": [],
          "pending": [],
          "skipped": [],
          "duration": 1211,
          "root": false,
          "rootEmpty": false,
          "_timeout": 2000
        },
        {
          "uuid": "fe8480d3-4f13-47f3-9b30-b1a976b7aff6",
          "title": "6 - Defina a cor preta como cor inicial. Ao carregar a página a cor preta já deve estar selecionada para pintar os pixels",
          "fullFile": "",
          "file": "",
          "beforeHooks": [],
          "afterHooks": [],
          "tests": [
            {
              "title": "Verifica se o elemento da cor preta possui, inicialmente, a `classe` `selected`",
              "fullTitle": "6 - Defina a cor preta como cor inicial. Ao carregar a página a cor preta já deve estar selecionada para pintar os pixels Verifica se o elemento da cor preta possui, inicialmente, a `classe` `selected`",
              "timedOut": null,
              "duration": 214,
              "state": "passed",
              "speed": "slow",
              "pass": true,
              "fail": false,
              "pending": false,
              "context": null,
              "code": "cy.get('.selected').first().should('have.css', 'background-color', BLACK);",
              "err": {},
              "uuid": "ec9214a5-e3c1-4c22-870e-59d7dee5173f",
              "parentUUID": "fe8480d3-4f13-47f3-9b30-b1a976b7aff6",
              "isHook": false,
              "skipped": false
            },
            {
              "title": "Verifica se nenhuma outra cor da paleta tem a `classe` `selected`",
              "fullTitle": "6 - Defina a cor preta como cor inicial. Ao carregar a página a cor preta já deve estar selecionada para pintar os pixels Verifica se nenhuma outra cor da paleta tem a `classe` `selected`",
              "timedOut": null,
              "duration": 159,
              "state": "passed",
              "speed": "slow",
              "pass": true,
              "fail": false,
              "pending": false,
              "context": null,
              "code": "cy.get('.color:not(:first-child)').each(function (color) {\n  cy.wrap(color).should('not.have.class', 'selected');\n});",
              "err": {},
              "uuid": "1eb40f98-5a09-4c3c-9b4d-cafa0daf14f6",
              "parentUUID": "fe8480d3-4f13-47f3-9b30-b1a976b7aff6",
              "isHook": false,
              "skipped": false
            }
          ],
          "suites": [],
          "passes": [
            "ec9214a5-e3c1-4c22-870e-59d7dee5173f",
            "1eb40f98-5a09-4c3c-9b4d-cafa0daf14f6"
          ],
          "failures": [],
          "pending": [],
          "skipped": [],
          "duration": 373,
          "root": false,
          "rootEmpty": false,
          "_timeout": 2000
        },
        {
          "uuid": "ae35ffd4-2a0f-4455-ae61-861afbf91a8e",
          "title": "7 - Clicar em uma das cores da paleta, faz com que ela seja selecionada e utilizada para preencher os pixels no quadro.",
          "fullFile": "",
          "file": "",
          "beforeHooks": [],
          "afterHooks": [],
          "tests": [
            {
              "title": "Verifica se somente uma cor da paleta de cores tem a classe `selected` de cada vez",
              "fullTitle": "7 - Clicar em uma das cores da paleta, faz com que ela seja selecionada e utilizada para preencher os pixels no quadro. Verifica se somente uma cor da paleta de cores tem a classe `selected` de cada vez",
              "timedOut": null,
              "duration": 809,
              "state": "passed",
              "speed": "slow",
              "pass": true,
              "fail": false,
              "pending": false,
              "context": null,
              "code": "cy.get('.color').each(function (selectedColor, selectedColorIndex) {\n  cy.wrap(selectedColor).click();\n  cy.get('.color').each(function (color, colorIndex) {\n    if (colorIndex === selectedColorIndex) {\n      expect(color).to.have[\"class\"]('selected');\n    } else {\n      expect(color).not.to.have[\"class\"]('selected');\n    }\n  });\n});",
              "err": {},
              "uuid": "e5b94e22-4c54-40d8-b832-1128fe20c29b",
              "parentUUID": "ae35ffd4-2a0f-4455-ae61-861afbf91a8e",
              "isHook": false,
              "skipped": false
            },
            {
              "title": "Verifica se os pixels dentro do quadro não têm a classe `selected` quando são clicados",
              "fullTitle": "7 - Clicar em uma das cores da paleta, faz com que ela seja selecionada e utilizada para preencher os pixels no quadro. Verifica se os pixels dentro do quadro não têm a classe `selected` quando são clicados",
              "timedOut": null,
              "duration": 9876,
              "state": "passed",
              "speed": "slow",
              "pass": true,
              "fail": false,
              "pending": false,
              "context": null,
              "code": "cy.get('.color').each(function (color) {\n  var backgroundColor = color.css('background-color');\n  cy.wrap(color).click();\n  cy.get('.pixel').each(function (pixel) {\n    cy.wrap(pixel).click().should('not.have.class', 'selected');\n  });\n});",
              "err": {},
              "uuid": "7b607079-eaf4-40c1-9d2d-ced01d10e638",
              "parentUUID": "ae35ffd4-2a0f-4455-ae61-861afbf91a8e",
              "isHook": false,
              "skipped": false
            }
          ],
          "suites": [],
          "passes": [
            "e5b94e22-4c54-40d8-b832-1128fe20c29b",
            "7b607079-eaf4-40c1-9d2d-ced01d10e638"
          ],
          "failures": [],
          "pending": [],
          "skipped": [],
          "duration": 10685,
          "root": false,
          "rootEmpty": false,
          "_timeout": 2000
        },
        {
          "uuid": "1b0b4836-3aa2-4e55-a614-f809eabb52bf",
          "title": "8 - Clicar em um pixel dentro do quadro após selecionar uma cor na paleta, faz com que o pixel seja preenchido com a cor selecionada.",
          "fullFile": "",
          "file": "",
          "beforeHooks": [],
          "afterHooks": [],
          "tests": [
            {
              "title": "Verifica se ao carregar a página deve ser possível pintar os pixels de preto",
              "fullTitle": "8 - Clicar em um pixel dentro do quadro após selecionar uma cor na paleta, faz com que o pixel seja preenchido com a cor selecionada. Verifica se ao carregar a página deve ser possível pintar os pixels de preto",
              "timedOut": null,
              "duration": 4688,
              "state": "failed",
              "speed": null,
              "pass": false,
              "fail": true,
              "pending": false,
              "context": null,
              "code": "cy.get('.pixel').each(function (pixel) {\n  cy.wrap(pixel).click().should('have.css', 'background-color', BLACK);\n});",
              "err": {
                "message": "CypressError: Timed out retrying: expected '<div.pixel>' to have CSS property 'background-color' with the value 'rgb(0, 0, 0)', but the value was 'rgb(255, 0, 0)'",
                "estack": "CypressError: Timed out retrying: expected '<div.pixel>' to have CSS property 'background-color' with the value 'rgb(0, 0, 0)', but the value was 'rgb(255, 0, 0)'\n    at cypressErr (http://localhost:34669/__cypress/runner/cypress_runner.js:149934:9)\n    at throwErr (http://localhost:34669/__cypress/runner/cypress_runner.js:149867:11)\n    at Object.throwErrByPath (http://localhost:34669/__cypress/runner/cypress_runner.js:149915:3)\n    at retry (http://localhost:34669/__cypress/runner/cypress_runner.js:144197:19)\n    at onFailFn (http://localhost:34669/__cypress/runner/cypress_runner.js:132448:16)\n    at tryCatcher (http://localhost:34669/__cypress/runner/cypress_runner.js:167415:23)\n    at Promise._settlePromiseFromHandler (http://localhost:34669/__cypress/runner/cypress_runner.js:165351:31)\n    at Promise._settlePromise (http://localhost:34669/__cypress/runner/cypress_runner.js:165408:18)\n    at Promise._settlePromise0 (http://localhost:34669/__cypress/runner/cypress_runner.js:165453:10)\n    at Promise._settlePromises (http://localhost:34669/__cypress/runner/cypress_runner.js:165528:18)\n    at Async../node_modules/bluebird/js/release/async.js.Async._drainQueue (http://localhost:34669/__cypress/runner/cypress_runner.js:162140:16)\n    at Async../node_modules/bluebird/js/release/async.js.Async._drainQueues (http://localhost:34669/__cypress/runner/cypress_runner.js:162150:10)\n    at Async.drainQueues (http://localhost:34669/__cypress/runner/cypress_runner.js:162024:14)",
                "diff": null
              },
              "uuid": "53118a81-84f6-4c01-8c42-6f1e36e8f6dc",
              "parentUUID": "1b0b4836-3aa2-4e55-a614-f809eabb52bf",
              "isHook": false,
              "skipped": false
            },
            {
              "title": "Verifica se após selecionar uma outra cor na paleta, é possível pintar os pixels com essa cor",
              "fullTitle": "8 - Clicar em um pixel dentro do quadro após selecionar uma cor na paleta, faz com que o pixel seja preenchido com a cor selecionada. Verifica se após selecionar uma outra cor na paleta, é possível pintar os pixels com essa cor",
              "timedOut": null,
              "duration": 4942,
              "state": "failed",
              "speed": null,
              "pass": false,
              "fail": true,
              "pending": false,
              "context": null,
              "code": "cy.get('.color').each(function (color) {\n  var backgroundColor = color.css('background-color');\n  cy.wrap(color).click();\n  cy.get('.pixel').each(function (pixel) {\n    cy.wrap(pixel).click().should('have.css', 'background-color', backgroundColor);\n  });\n});",
              "err": {
                "message": "CypressError: Timed out retrying: expected '<div.pixel>' to have CSS property 'background-color' with the value 'rgb(0, 0, 0)', but the value was 'rgb(255, 0, 0)'",
                "estack": "CypressError: Timed out retrying: expected '<div.pixel>' to have CSS property 'background-color' with the value 'rgb(0, 0, 0)', but the value was 'rgb(255, 0, 0)'\n    at cypressErr (http://localhost:34669/__cypress/runner/cypress_runner.js:149934:9)\n    at throwErr (http://localhost:34669/__cypress/runner/cypress_runner.js:149867:11)\n    at Object.throwErrByPath (http://localhost:34669/__cypress/runner/cypress_runner.js:149915:3)\n    at retry (http://localhost:34669/__cypress/runner/cypress_runner.js:144197:19)\n    at onFailFn (http://localhost:34669/__cypress/runner/cypress_runner.js:132448:16)\n    at tryCatcher (http://localhost:34669/__cypress/runner/cypress_runner.js:167415:23)\n    at Promise._settlePromiseFromHandler (http://localhost:34669/__cypress/runner/cypress_runner.js:165351:31)\n    at Promise._settlePromise (http://localhost:34669/__cypress/runner/cypress_runner.js:165408:18)\n    at Promise._settlePromise0 (http://localhost:34669/__cypress/runner/cypress_runner.js:165453:10)\n    at Promise._settlePromises (http://localhost:34669/__cypress/runner/cypress_runner.js:165528:18)\n    at Async../node_modules/bluebird/js/release/async.js.Async._drainQueue (http://localhost:34669/__cypress/runner/cypress_runner.js:162140:16)\n    at Async../node_modules/bluebird/js/release/async.js.Async._drainQueues (http://localhost:34669/__cypress/runner/cypress_runner.js:162150:10)\n    at Async.drainQueues (http://localhost:34669/__cypress/runner/cypress_runner.js:162024:14)",
                "diff": null
              },
              "uuid": "939765a0-851c-451f-bc9a-bdea698983f6",
              "parentUUID": "1b0b4836-3aa2-4e55-a614-f809eabb52bf",
              "isHook": false,
              "skipped": false
            },
            {
              "title": "Verifica se somente o pixel que foi clicado foi preenchido com a cor selecionada, sem influenciar na cor dos demais pixels.",
              "fullTitle": "8 - Clicar em um pixel dentro do quadro após selecionar uma cor na paleta, faz com que o pixel seja preenchido com a cor selecionada. Verifica se somente o pixel que foi clicado foi preenchido com a cor selecionada, sem influenciar na cor dos demais pixels.",
              "timedOut": null,
              "duration": 6112,
              "state": "failed",
              "speed": null,
              "pass": false,
              "fail": true,
              "pending": false,
              "context": null,
              "code": "var colorToPixelIndexMap = {\n  0: 6,\n  1: 8,\n  2: 16,\n  3: 18\n};\ncy.get('.color').each(function (color, index) {\n  cy.wrap(color).click();\n  var backgroundColor = color.css('background-color');\n  var clickedPixelIndex = colorToPixelIndexMap[index];\n  cy.get('.pixel').eq(clickedPixelIndex).click();\n  cy.get('.pixel').eq(clickedPixelIndex - 1).should('not.have.css', 'background-color', backgroundColor);\n  cy.get('.pixel').eq(clickedPixelIndex + 1).should('not.have.css', 'background-color', backgroundColor);\n  cy.get('.pixel').eq(clickedPixelIndex - 5).should('not.have.css', 'background-color', backgroundColor);\n  cy.get('.pixel').eq(clickedPixelIndex + 5).should('not.have.css', 'background-color', backgroundColor);\n  cy.get('.pixel').eq(clickedPixelIndex - 6).should('not.have.css', 'background-color', backgroundColor);\n  cy.get('.pixel').eq(clickedPixelIndex - 4).should('not.have.css', 'background-color', backgroundColor);\n  cy.get('.pixel').eq(clickedPixelIndex + 4).should('not.have.css', 'background-color', backgroundColor);\n  cy.get('.pixel').eq(clickedPixelIndex + 6).should('not.have.css', 'background-color', backgroundColor);\n});",
              "err": {
                "message": "CypressError: Timed out retrying: expected '<div.pixel>' not to have CSS property 'background-color' with the value 'rgb(255, 0, 0)', but the value was 'rgb(255, 0, 0)'",
                "estack": "CypressError: Timed out retrying: expected '<div.pixel>' not to have CSS property 'background-color' with the value 'rgb(255, 0, 0)', but the value was 'rgb(255, 0, 0)'\n    at cypressErr (http://localhost:34669/__cypress/runner/cypress_runner.js:149934:9)\n    at throwErr (http://localhost:34669/__cypress/runner/cypress_runner.js:149867:11)\n    at Object.throwErrByPath (http://localhost:34669/__cypress/runner/cypress_runner.js:149915:3)\n    at retry (http://localhost:34669/__cypress/runner/cypress_runner.js:144197:19)\n    at onFailFn (http://localhost:34669/__cypress/runner/cypress_runner.js:132448:16)\n    at tryCatcher (http://localhost:34669/__cypress/runner/cypress_runner.js:167415:23)\n    at Promise._settlePromiseFromHandler (http://localhost:34669/__cypress/runner/cypress_runner.js:165351:31)\n    at Promise._settlePromise (http://localhost:34669/__cypress/runner/cypress_runner.js:165408:18)\n    at Promise._settlePromise0 (http://localhost:34669/__cypress/runner/cypress_runner.js:165453:10)\n    at Promise._settlePromises (http://localhost:34669/__cypress/runner/cypress_runner.js:165528:18)\n    at Async../node_modules/bluebird/js/release/async.js.Async._drainQueue (http://localhost:34669/__cypress/runner/cypress_runner.js:162140:16)\n    at Async../node_modules/bluebird/js/release/async.js.Async._drainQueues (http://localhost:34669/__cypress/runner/cypress_runner.js:162150:10)\n    at Async.drainQueues (http://localhost:34669/__cypress/runner/cypress_runner.js:162024:14)",
                "diff": null
              },
              "uuid": "aebae4b7-ee02-4cd3-9542-010969aaec3f",
              "parentUUID": "1b0b4836-3aa2-4e55-a614-f809eabb52bf",
              "isHook": false,
              "skipped": false
            }
          ],
          "suites": [],
          "passes": [],
          "failures": [
            "53118a81-84f6-4c01-8c42-6f1e36e8f6dc",
            "939765a0-851c-451f-bc9a-bdea698983f6",
            "aebae4b7-ee02-4cd3-9542-010969aaec3f"
          ],
          "pending": [],
          "skipped": [],
          "duration": 15742,
          "root": false,
          "rootEmpty": false,
          "_timeout": 2000
        },
        {
          "uuid": "e7838c0d-9a7e-4187-8191-b24e66cd16e7",
          "title": "9 - Crie um botão que, ao ser clicado, limpa o quadro preenchendo a cor de todos seus pixels com branco.",
          "fullFile": "",
          "file": "",
          "beforeHooks": [],
          "afterHooks": [],
          "tests": [
            {
              "title": "Verifica se o botão tem o `id` denominado `clear-board`",
              "fullTitle": "9 - Crie um botão que, ao ser clicado, limpa o quadro preenchendo a cor de todos seus pixels com branco. Verifica se o botão tem o `id` denominado `clear-board`",
              "timedOut": null,
              "duration": 582,
              "state": "passed",
              "speed": "slow",
              "pass": true,
              "fail": false,
              "pending": false,
              "context": null,
              "code": "cy.get('#clear-board').should('be.visible');",
              "err": {},
              "uuid": "a6ced937-e07f-4855-adc4-a8fbbffc2378",
              "parentUUID": "e7838c0d-9a7e-4187-8191-b24e66cd16e7",
              "isHook": false,
              "skipped": false
            },
            {
              "title": "Verifica se o botão está posicionado entre a paleta de cores e o quadro de pixels",
              "fullTitle": "9 - Crie um botão que, ao ser clicado, limpa o quadro preenchendo a cor de todos seus pixels com branco. Verifica se o botão está posicionado entre a paleta de cores e o quadro de pixels",
              "timedOut": null,
              "duration": 196,
              "state": "passed",
              "speed": "slow",
              "pass": true,
              "fail": false,
              "pending": false,
              "context": null,
              "code": "cy.get('#color-palette').then(function (palette) {\n  cy.get('#clear-board').should('be.belowOf', palette);\n});\ncy.get('#clear-board').then(function (clearBtn) {\n  cy.get('#pixel-board').should('be.belowOf', clearBtn);\n});",
              "err": {},
              "uuid": "ee9961a7-4663-42c7-a4a5-c70035c8a50c",
              "parentUUID": "e7838c0d-9a7e-4187-8191-b24e66cd16e7",
              "isHook": false,
              "skipped": false
            },
            {
              "title": "Verifica se o texto do botão é 'Limpar'",
              "fullTitle": "9 - Crie um botão que, ao ser clicado, limpa o quadro preenchendo a cor de todos seus pixels com branco. Verifica se o texto do botão é 'Limpar'",
              "timedOut": null,
              "duration": 163,
              "state": "passed",
              "speed": "slow",
              "pass": true,
              "fail": false,
              "pending": false,
              "context": null,
              "code": "cy.get('#clear-board').should('contain.text', 'Limpar');",
              "err": {},
              "uuid": "ece51c35-e76b-4ef7-892e-b4f158ded617",
              "parentUUID": "e7838c0d-9a7e-4187-8191-b24e66cd16e7",
              "isHook": false,
              "skipped": false
            },
            {
              "title": "Verifica se ao clicar no botão, o quadro de pixels é totalmente preenchido de branco",
              "fullTitle": "9 - Crie um botão que, ao ser clicado, limpa o quadro preenchendo a cor de todos seus pixels com branco. Verifica se ao clicar no botão, o quadro de pixels é totalmente preenchido de branco",
              "timedOut": null,
              "duration": 4595,
              "state": "failed",
              "speed": null,
              "pass": false,
              "fail": true,
              "pending": false,
              "context": null,
              "code": "cy.get('.color').eq(1).then(function (color) {\n  var backgroundColor = color.css('background-color');\n  cy.wrap(color).click();\n  cy.get('.pixel').each(function (pixel) {\n    cy.wrap(pixel).click().should('have.css', 'background-color', backgroundColor);\n  });\n});\ncy.get('#clear-board').click();\ncy.get('.pixel').each(function (pixel) {\n  cy.wrap(pixel).should('have.css', 'background-color', WHITE);\n});",
              "err": {
                "message": "CypressError: Timed out retrying: expected '<div.pixel>' to have CSS property 'background-color' with the value 'rgb(255, 255, 0)', but the value was 'rgb(255, 0, 0)'",
                "estack": "CypressError: Timed out retrying: expected '<div.pixel>' to have CSS property 'background-color' with the value 'rgb(255, 255, 0)', but the value was 'rgb(255, 0, 0)'\n    at cypressErr (http://localhost:34669/__cypress/runner/cypress_runner.js:149934:9)\n    at throwErr (http://localhost:34669/__cypress/runner/cypress_runner.js:149867:11)\n    at Object.throwErrByPath (http://localhost:34669/__cypress/runner/cypress_runner.js:149915:3)\n    at retry (http://localhost:34669/__cypress/runner/cypress_runner.js:144197:19)\n    at onFailFn (http://localhost:34669/__cypress/runner/cypress_runner.js:132448:16)\n    at tryCatcher (http://localhost:34669/__cypress/runner/cypress_runner.js:167415:23)\n    at Promise._settlePromiseFromHandler (http://localhost:34669/__cypress/runner/cypress_runner.js:165351:31)\n    at Promise._settlePromise (http://localhost:34669/__cypress/runner/cypress_runner.js:165408:18)\n    at Promise._settlePromise0 (http://localhost:34669/__cypress/runner/cypress_runner.js:165453:10)\n    at Promise._settlePromises (http://localhost:34669/__cypress/runner/cypress_runner.js:165528:18)\n    at Async../node_modules/bluebird/js/release/async.js.Async._drainQueue (http://localhost:34669/__cypress/runner/cypress_runner.js:162140:16)\n    at Async../node_modules/bluebird/js/release/async.js.Async._drainQueues (http://localhost:34669/__cypress/runner/cypress_runner.js:162150:10)\n    at Async.drainQueues (http://localhost:34669/__cypress/runner/cypress_runner.js:162024:14)",
                "diff": null
              },
              "uuid": "1bf96ae5-79b5-46eb-b286-996694e91bd3",
              "parentUUID": "e7838c0d-9a7e-4187-8191-b24e66cd16e7",
              "isHook": false,
              "skipped": false
            }
          ],
          "suites": [],
          "passes": [
            "a6ced937-e07f-4855-adc4-a8fbbffc2378",
            "ee9961a7-4663-42c7-a4a5-c70035c8a50c",
            "ece51c35-e76b-4ef7-892e-b4f158ded617"
          ],
          "failures": [
            "1bf96ae5-79b5-46eb-b286-996694e91bd3"
          ],
          "pending": [],
          "skipped": [],
          "duration": 5536,
          "root": false,
          "rootEmpty": false,
          "_timeout": 2000
        },
        {
          "uuid": "abfcad22-8101-45a5-b383-33b4e1200bb1",
          "title": "10 - Faça o quadro de pixels ter seu tamanho definido pelo usuário.",
          "fullFile": "",
          "file": "",
          "beforeHooks": [],
          "afterHooks": [],
          "tests": [
            {
              "title": "Verifica se existe um input com o id `board-size`",
              "fullTitle": "10 - Faça o quadro de pixels ter seu tamanho definido pelo usuário. Verifica se existe um input com o id `board-size`",
              "timedOut": null,
              "duration": 5178,
              "state": "failed",
              "speed": null,
              "pass": false,
              "fail": true,
              "pending": false,
              "context": null,
              "code": "cy.get('#board-size').should('be.visible');",
              "err": {
                "message": "CypressError: Timed out retrying: Expected to find element: '#board-size', but never found it.",
                "estack": "CypressError: Timed out retrying: Expected to find element: '#board-size', but never found it.\n    at cypressErr (http://localhost:34669/__cypress/runner/cypress_runner.js:149934:9)\n    at throwErr (http://localhost:34669/__cypress/runner/cypress_runner.js:149867:11)\n    at Object.throwErrByPath (http://localhost:34669/__cypress/runner/cypress_runner.js:149915:3)\n    at retry (http://localhost:34669/__cypress/runner/cypress_runner.js:144197:19)\n    at onFailFn (http://localhost:34669/__cypress/runner/cypress_runner.js:132448:16)\n    at tryCatcher (http://localhost:34669/__cypress/runner/cypress_runner.js:167415:23)\n    at Promise._settlePromiseFromHandler (http://localhost:34669/__cypress/runner/cypress_runner.js:165351:31)\n    at Promise._settlePromise (http://localhost:34669/__cypress/runner/cypress_runner.js:165408:18)\n    at Promise._settlePromise0 (http://localhost:34669/__cypress/runner/cypress_runner.js:165453:10)\n    at Promise._settlePromises (http://localhost:34669/__cypress/runner/cypress_runner.js:165528:18)\n    at Async../node_modules/bluebird/js/release/async.js.Async._drainQueue (http://localhost:34669/__cypress/runner/cypress_runner.js:162140:16)\n    at Async../node_modules/bluebird/js/release/async.js.Async._drainQueues (http://localhost:34669/__cypress/runner/cypress_runner.js:162150:10)\n    at Async.drainQueues (http://localhost:34669/__cypress/runner/cypress_runner.js:162024:14)",
                "diff": null
              },
              "uuid": "0e8f91ed-002d-469d-a057-c10692f839e2",
              "parentUUID": "abfcad22-8101-45a5-b383-33b4e1200bb1",
              "isHook": false,
              "skipped": false
            },
            {
              "title": "Verifica se existe um botão com o id `generate-board`",
              "fullTitle": "10 - Faça o quadro de pixels ter seu tamanho definido pelo usuário. Verifica se existe um botão com o id `generate-board`",
              "timedOut": null,
              "duration": 5221,
              "state": "failed",
              "speed": null,
              "pass": false,
              "fail": true,
              "pending": false,
              "context": null,
              "code": "cy.get('#generate-board').should('be.visible');",
              "err": {
                "message": "CypressError: Timed out retrying: Expected to find element: '#generate-board', but never found it.",
                "estack": "CypressError: Timed out retrying: Expected to find element: '#generate-board', but never found it.\n    at cypressErr (http://localhost:34669/__cypress/runner/cypress_runner.js:149934:9)\n    at throwErr (http://localhost:34669/__cypress/runner/cypress_runner.js:149867:11)\n    at Object.throwErrByPath (http://localhost:34669/__cypress/runner/cypress_runner.js:149915:3)\n    at retry (http://localhost:34669/__cypress/runner/cypress_runner.js:144197:19)\n    at onFailFn (http://localhost:34669/__cypress/runner/cypress_runner.js:132448:16)\n    at tryCatcher (http://localhost:34669/__cypress/runner/cypress_runner.js:167415:23)\n    at Promise._settlePromiseFromHandler (http://localhost:34669/__cypress/runner/cypress_runner.js:165351:31)\n    at Promise._settlePromise (http://localhost:34669/__cypress/runner/cypress_runner.js:165408:18)\n    at Promise._settlePromise0 (http://localhost:34669/__cypress/runner/cypress_runner.js:165453:10)\n    at Promise._settlePromises (http://localhost:34669/__cypress/runner/cypress_runner.js:165528:18)\n    at Async../node_modules/bluebird/js/release/async.js.Async._drainQueue (http://localhost:34669/__cypress/runner/cypress_runner.js:162140:16)\n    at Async../node_modules/bluebird/js/release/async.js.Async._drainQueues (http://localhost:34669/__cypress/runner/cypress_runner.js:162150:10)\n    at Async.drainQueues (http://localhost:34669/__cypress/runner/cypress_runner.js:162024:14)",
                "diff": null
              },
              "uuid": "c281b8c6-7b54-49e3-a56b-cd6d32760662",
              "parentUUID": "abfcad22-8101-45a5-b383-33b4e1200bb1",
              "isHook": false,
              "skipped": false
            },
            {
              "title": "Verifica se o input só aceita número maiores que zero. Essa restrição deve ser feita usando os atributos do elemento `input`",
              "fullTitle": "10 - Faça o quadro de pixels ter seu tamanho definido pelo usuário. Verifica se o input só aceita número maiores que zero. Essa restrição deve ser feita usando os atributos do elemento `input`",
              "timedOut": null,
              "duration": 5223,
              "state": "failed",
              "speed": null,
              "pass": false,
              "fail": true,
              "pending": false,
              "context": null,
              "code": "cy.get('#board-size[type=\\'number\\'][min=\\'1\\']');",
              "err": {
                "message": "CypressError: Timed out retrying: Expected to find element: '#board-size[type='number'][min='1']', but never found it.",
                "estack": "CypressError: Timed out retrying: Expected to find element: '#board-size[type='number'][min='1']', but never found it.\n    at cypressErr (http://localhost:34669/__cypress/runner/cypress_runner.js:149934:9)\n    at throwErr (http://localhost:34669/__cypress/runner/cypress_runner.js:149867:11)\n    at Object.throwErrByPath (http://localhost:34669/__cypress/runner/cypress_runner.js:149915:3)\n    at retry (http://localhost:34669/__cypress/runner/cypress_runner.js:144197:19)\n    at onFailFn (http://localhost:34669/__cypress/runner/cypress_runner.js:132448:16)\n    at tryCatcher (http://localhost:34669/__cypress/runner/cypress_runner.js:167415:23)\n    at Promise._settlePromiseFromHandler (http://localhost:34669/__cypress/runner/cypress_runner.js:165351:31)\n    at Promise._settlePromise (http://localhost:34669/__cypress/runner/cypress_runner.js:165408:18)\n    at Promise._settlePromise0 (http://localhost:34669/__cypress/runner/cypress_runner.js:165453:10)\n    at Promise._settlePromises (http://localhost:34669/__cypress/runner/cypress_runner.js:165528:18)\n    at Async../node_modules/bluebird/js/release/async.js.Async._drainQueue (http://localhost:34669/__cypress/runner/cypress_runner.js:162140:16)\n    at Async../node_modules/bluebird/js/release/async.js.Async._drainQueues (http://localhost:34669/__cypress/runner/cypress_runner.js:162150:10)\n    at Async.drainQueues (http://localhost:34669/__cypress/runner/cypress_runner.js:162024:14)",
                "diff": null
              },
              "uuid": "02edaf2e-10ac-4136-a455-07e2ea67b9ce",
              "parentUUID": "abfcad22-8101-45a5-b383-33b4e1200bb1",
              "isHook": false,
              "skipped": false
            },
            {
              "title": "Verifica se o botão contém o texto 'VQV'",
              "fullTitle": "10 - Faça o quadro de pixels ter seu tamanho definido pelo usuário. Verifica se o botão contém o texto 'VQV'",
              "timedOut": null,
              "duration": 5068,
              "state": "failed",
              "speed": null,
              "pass": false,
              "fail": true,
              "pending": false,
              "context": null,
              "code": "cy.get('#generate-board').contains(/vqv/i);",
              "err": {
                "message": "CypressError: Timed out retrying: Expected to find element: '#generate-board', but never found it.",
                "estack": "CypressError: Timed out retrying: Expected to find element: '#generate-board', but never found it.\n    at cypressErr (http://localhost:34669/__cypress/runner/cypress_runner.js:149934:9)\n    at throwErr (http://localhost:34669/__cypress/runner/cypress_runner.js:149867:11)\n    at Object.throwErrByPath (http://localhost:34669/__cypress/runner/cypress_runner.js:149915:3)\n    at retry (http://localhost:34669/__cypress/runner/cypress_runner.js:144197:19)\n    at onFailFn (http://localhost:34669/__cypress/runner/cypress_runner.js:132448:16)\n    at tryCatcher (http://localhost:34669/__cypress/runner/cypress_runner.js:167415:23)\n    at Promise._settlePromiseFromHandler (http://localhost:34669/__cypress/runner/cypress_runner.js:165351:31)\n    at Promise._settlePromise (http://localhost:34669/__cypress/runner/cypress_runner.js:165408:18)\n    at Promise._settlePromise0 (http://localhost:34669/__cypress/runner/cypress_runner.js:165453:10)\n    at Promise._settlePromises (http://localhost:34669/__cypress/runner/cypress_runner.js:165528:18)\n    at Async../node_modules/bluebird/js/release/async.js.Async._drainQueue (http://localhost:34669/__cypress/runner/cypress_runner.js:162140:16)\n    at Async../node_modules/bluebird/js/release/async.js.Async._drainQueues (http://localhost:34669/__cypress/runner/cypress_runner.js:162150:10)\n    at Async.drainQueues (http://localhost:34669/__cypress/runner/cypress_runner.js:162024:14)",
                "diff": null
              },
              "uuid": "9687b544-1260-4f48-845c-11e8918cd300",
              "parentUUID": "abfcad22-8101-45a5-b383-33b4e1200bb1",
              "isHook": false,
              "skipped": false
            },
            {
              "title": "Verifica se o input está posicionado entre a paleta de cores e o quadro de pixels",
              "fullTitle": "10 - Faça o quadro de pixels ter seu tamanho definido pelo usuário. Verifica se o input está posicionado entre a paleta de cores e o quadro de pixels",
              "timedOut": null,
              "duration": 4855,
              "state": "failed",
              "speed": null,
              "pass": false,
              "fail": true,
              "pending": false,
              "context": null,
              "code": "cy.get('#color-palette').then(function (palette) {\n  cy.get('#board-size').should('be.belowOf', palette);\n});\ncy.get('#board-size').then(function (palette) {\n  cy.get('#pixel-board').should('be.belowOf', palette);\n});",
              "err": {
                "message": "CypressError: Timed out retrying: Expected to find element: '#board-size', but never found it.",
                "estack": "CypressError: Timed out retrying: Expected to find element: '#board-size', but never found it.\n    at cypressErr (http://localhost:34669/__cypress/runner/cypress_runner.js:149934:9)\n    at throwErr (http://localhost:34669/__cypress/runner/cypress_runner.js:149867:11)\n    at Object.throwErrByPath (http://localhost:34669/__cypress/runner/cypress_runner.js:149915:3)\n    at retry (http://localhost:34669/__cypress/runner/cypress_runner.js:144197:19)\n    at onFailFn (http://localhost:34669/__cypress/runner/cypress_runner.js:132448:16)\n    at tryCatcher (http://localhost:34669/__cypress/runner/cypress_runner.js:167415:23)\n    at Promise._settlePromiseFromHandler (http://localhost:34669/__cypress/runner/cypress_runner.js:165351:31)\n    at Promise._settlePromise (http://localhost:34669/__cypress/runner/cypress_runner.js:165408:18)\n    at Promise._settlePromise0 (http://localhost:34669/__cypress/runner/cypress_runner.js:165453:10)\n    at Promise._settlePromises (http://localhost:34669/__cypress/runner/cypress_runner.js:165528:18)\n    at Async../node_modules/bluebird/js/release/async.js.Async._drainQueue (http://localhost:34669/__cypress/runner/cypress_runner.js:162140:16)\n    at Async../node_modules/bluebird/js/release/async.js.Async._drainQueues (http://localhost:34669/__cypress/runner/cypress_runner.js:162150:10)\n    at Async.drainQueues (http://localhost:34669/__cypress/runner/cypress_runner.js:162024:14)",
                "diff": null
              },
              "uuid": "5382b998-2452-4f5c-a1aa-8634c624e84a",
              "parentUUID": "abfcad22-8101-45a5-b383-33b4e1200bb1",
              "isHook": false,
              "skipped": false
            },
            {
              "title": "Verifica se o botão está posicionado ao lado do input",
              "fullTitle": "10 - Faça o quadro de pixels ter seu tamanho definido pelo usuário. Verifica se o botão está posicionado ao lado do input",
              "timedOut": null,
              "duration": 5030,
              "state": "failed",
              "speed": null,
              "pass": false,
              "fail": true,
              "pending": false,
              "context": null,
              "code": "cy.get('#board-size').then(function (board) {\n  cy.get('#generate-board').should('be.onTheRightOf', board);\n});",
              "err": {
                "message": "CypressError: Timed out retrying: Expected to find element: '#board-size', but never found it.",
                "estack": "CypressError: Timed out retrying: Expected to find element: '#board-size', but never found it.\n    at cypressErr (http://localhost:34669/__cypress/runner/cypress_runner.js:149934:9)\n    at throwErr (http://localhost:34669/__cypress/runner/cypress_runner.js:149867:11)\n    at Object.throwErrByPath (http://localhost:34669/__cypress/runner/cypress_runner.js:149915:3)\n    at retry (http://localhost:34669/__cypress/runner/cypress_runner.js:144197:19)\n    at onFailFn (http://localhost:34669/__cypress/runner/cypress_runner.js:132448:16)\n    at tryCatcher (http://localhost:34669/__cypress/runner/cypress_runner.js:167415:23)\n    at Promise._settlePromiseFromHandler (http://localhost:34669/__cypress/runner/cypress_runner.js:165351:31)\n    at Promise._settlePromise (http://localhost:34669/__cypress/runner/cypress_runner.js:165408:18)\n    at Promise._settlePromise0 (http://localhost:34669/__cypress/runner/cypress_runner.js:165453:10)\n    at Promise._settlePromises (http://localhost:34669/__cypress/runner/cypress_runner.js:165528:18)\n    at Async../node_modules/bluebird/js/release/async.js.Async._drainQueue (http://localhost:34669/__cypress/runner/cypress_runner.js:162140:16)\n    at Async../node_modules/bluebird/js/release/async.js.Async._drainQueues (http://localhost:34669/__cypress/runner/cypress_runner.js:162150:10)\n    at Async.drainQueues (http://localhost:34669/__cypress/runner/cypress_runner.js:162024:14)",
                "diff": null
              },
              "uuid": "36b80ea4-3e58-4969-a726-084307551f73",
              "parentUUID": "abfcad22-8101-45a5-b383-33b4e1200bb1",
              "isHook": false,
              "skipped": false
            },
            {
              "title": "Verifica se nenhum valor for colocado no input ao clicar no botão, um `alert` é exibido com o texto: 'Board inválido!'",
              "fullTitle": "10 - Faça o quadro de pixels ter seu tamanho definido pelo usuário. Verifica se nenhum valor for colocado no input ao clicar no botão, um `alert` é exibido com o texto: 'Board inválido!'",
              "timedOut": null,
              "duration": 4920,
              "state": "failed",
              "speed": null,
              "pass": false,
              "fail": true,
              "pending": false,
              "context": null,
              "code": "var alerted = false;\ncy.on('window:alert', function (msg) {\n  return alerted = msg;\n});\ncy.get('#generate-board').click().then(function () {\n  return expect(alerted).to.match(/Board inválido!/i);\n});",
              "err": {
                "message": "CypressError: Timed out retrying: Expected to find element: '#generate-board', but never found it.",
                "estack": "CypressError: Timed out retrying: Expected to find element: '#generate-board', but never found it.\n    at cypressErr (http://localhost:34669/__cypress/runner/cypress_runner.js:149934:9)\n    at throwErr (http://localhost:34669/__cypress/runner/cypress_runner.js:149867:11)\n    at Object.throwErrByPath (http://localhost:34669/__cypress/runner/cypress_runner.js:149915:3)\n    at retry (http://localhost:34669/__cypress/runner/cypress_runner.js:144197:19)\n    at onFailFn (http://localhost:34669/__cypress/runner/cypress_runner.js:132448:16)\n    at tryCatcher (http://localhost:34669/__cypress/runner/cypress_runner.js:167415:23)\n    at Promise._settlePromiseFromHandler (http://localhost:34669/__cypress/runner/cypress_runner.js:165351:31)\n    at Promise._settlePromise (http://localhost:34669/__cypress/runner/cypress_runner.js:165408:18)\n    at Promise._settlePromise0 (http://localhost:34669/__cypress/runner/cypress_runner.js:165453:10)\n    at Promise._settlePromises (http://localhost:34669/__cypress/runner/cypress_runner.js:165528:18)\n    at Async../node_modules/bluebird/js/release/async.js.Async._drainQueue (http://localhost:34669/__cypress/runner/cypress_runner.js:162140:16)\n    at Async../node_modules/bluebird/js/release/async.js.Async._drainQueues (http://localhost:34669/__cypress/runner/cypress_runner.js:162150:10)\n    at Async.drainQueues (http://localhost:34669/__cypress/runner/cypress_runner.js:162024:14)",
                "diff": null
              },
              "uuid": "1de877b7-e050-4ddf-a41b-c8e11f56f273",
              "parentUUID": "abfcad22-8101-45a5-b383-33b4e1200bb1",
              "isHook": false,
              "skipped": false
            },
            {
              "title": "Verifica se ao clicar no botão com um valor preenchido, o tamanho do board muda.",
              "fullTitle": "10 - Faça o quadro de pixels ter seu tamanho definido pelo usuário. Verifica se ao clicar no botão com um valor preenchido, o tamanho do board muda.",
              "timedOut": null,
              "duration": 5373,
              "state": "failed",
              "speed": null,
              "pass": false,
              "fail": true,
              "pending": false,
              "context": null,
              "code": "cy.get('#board-size').clear().type(10);\ncy.get('#generate-board').click();\ncy.get('.pixel').should('have.length', 100);",
              "err": {
                "message": "CypressError: Timed out retrying: Expected to find element: '#board-size', but never found it.",
                "estack": "CypressError: Timed out retrying: Expected to find element: '#board-size', but never found it.\n    at cypressErr (http://localhost:34669/__cypress/runner/cypress_runner.js:149934:9)\n    at throwErr (http://localhost:34669/__cypress/runner/cypress_runner.js:149867:11)\n    at Object.throwErrByPath (http://localhost:34669/__cypress/runner/cypress_runner.js:149915:3)\n    at retry (http://localhost:34669/__cypress/runner/cypress_runner.js:144197:19)\n    at onFailFn (http://localhost:34669/__cypress/runner/cypress_runner.js:132448:16)\n    at tryCatcher (http://localhost:34669/__cypress/runner/cypress_runner.js:167415:23)\n    at Promise._settlePromiseFromHandler (http://localhost:34669/__cypress/runner/cypress_runner.js:165351:31)\n    at Promise._settlePromise (http://localhost:34669/__cypress/runner/cypress_runner.js:165408:18)\n    at Promise._settlePromise0 (http://localhost:34669/__cypress/runner/cypress_runner.js:165453:10)\n    at Promise._settlePromises (http://localhost:34669/__cypress/runner/cypress_runner.js:165528:18)\n    at Async../node_modules/bluebird/js/release/async.js.Async._drainQueue (http://localhost:34669/__cypress/runner/cypress_runner.js:162140:16)\n    at Async../node_modules/bluebird/js/release/async.js.Async._drainQueues (http://localhost:34669/__cypress/runner/cypress_runner.js:162150:10)\n    at Async.drainQueues (http://localhost:34669/__cypress/runner/cypress_runner.js:162024:14)",
                "diff": null
              },
              "uuid": "71deb230-6b94-45a2-bb4c-8cd3bc471c0f",
              "parentUUID": "abfcad22-8101-45a5-b383-33b4e1200bb1",
              "isHook": false,
              "skipped": false
            },
            {
              "title": "Verifica se o novo quadro tem todos os pixels preenchidos com a cor branca",
              "fullTitle": "10 - Faça o quadro de pixels ter seu tamanho definido pelo usuário. Verifica se o novo quadro tem todos os pixels preenchidos com a cor branca",
              "timedOut": null,
              "duration": 6250,
              "state": "failed",
              "speed": null,
              "pass": false,
              "fail": true,
              "pending": false,
              "context": null,
              "code": "cy.get('#board-size').clear().type(6);\ncy.get('#generate-board').click();\ncy.get('.pixel').should('have.length', 36).each(function (pixel) {\n  expect(pixel).to.have.css('background-color', WHITE);\n});",
              "err": {
                "message": "CypressError: Timed out retrying: Expected to find element: '#board-size', but never found it.",
                "estack": "CypressError: Timed out retrying: Expected to find element: '#board-size', but never found it.\n    at cypressErr (http://localhost:34669/__cypress/runner/cypress_runner.js:149934:9)\n    at throwErr (http://localhost:34669/__cypress/runner/cypress_runner.js:149867:11)\n    at Object.throwErrByPath (http://localhost:34669/__cypress/runner/cypress_runner.js:149915:3)\n    at retry (http://localhost:34669/__cypress/runner/cypress_runner.js:144197:19)\n    at onFailFn (http://localhost:34669/__cypress/runner/cypress_runner.js:132448:16)\n    at tryCatcher (http://localhost:34669/__cypress/runner/cypress_runner.js:167415:23)\n    at Promise._settlePromiseFromHandler (http://localhost:34669/__cypress/runner/cypress_runner.js:165351:31)\n    at Promise._settlePromise (http://localhost:34669/__cypress/runner/cypress_runner.js:165408:18)\n    at Promise._settlePromise0 (http://localhost:34669/__cypress/runner/cypress_runner.js:165453:10)\n    at Promise._settlePromises (http://localhost:34669/__cypress/runner/cypress_runner.js:165528:18)\n    at Async../node_modules/bluebird/js/release/async.js.Async._drainQueue (http://localhost:34669/__cypress/runner/cypress_runner.js:162140:16)\n    at Async../node_modules/bluebird/js/release/async.js.Async._drainQueues (http://localhost:34669/__cypress/runner/cypress_runner.js:162150:10)\n    at Async.drainQueues (http://localhost:34669/__cypress/runner/cypress_runner.js:162024:14)",
                "diff": null
              },
              "uuid": "a5a59bc9-144a-4c84-ac06-f4ca7999fa56",
              "parentUUID": "abfcad22-8101-45a5-b383-33b4e1200bb1",
              "isHook": false,
              "skipped": false
            }
          ],
          "suites": [],
          "passes": [],
          "failures": [
            "0e8f91ed-002d-469d-a057-c10692f839e2",
            "c281b8c6-7b54-49e3-a56b-cd6d32760662",
            "02edaf2e-10ac-4136-a455-07e2ea67b9ce",
            "9687b544-1260-4f48-845c-11e8918cd300",
            "5382b998-2452-4f5c-a1aa-8634c624e84a",
            "36b80ea4-3e58-4969-a726-084307551f73",
            "1de877b7-e050-4ddf-a41b-c8e11f56f273",
            "71deb230-6b94-45a2-bb4c-8cd3bc471c0f",
            "a5a59bc9-144a-4c84-ac06-f4ca7999fa56"
          ],
          "pending": [],
          "skipped": [],
          "duration": 47118,
          "root": false,
          "rootEmpty": false,
          "_timeout": 2000
        },
        {
          "uuid": "02196447-5400-46db-83af-fc8e50cdac1c",
          "title": "11 - Limite o tamanho mínimo e máximo do board.",
          "fullFile": "",
          "file": "",
          "beforeHooks": [],
          "afterHooks": [],
          "tests": [
            {
              "title": "Verifica se a altura máxima do board é 50",
              "fullTitle": "11 - Limite o tamanho mínimo e máximo do board. Verifica se a altura máxima do board é 50",
              "timedOut": null,
              "duration": 6125,
              "state": "failed",
              "speed": null,
              "pass": false,
              "fail": true,
              "pending": false,
              "context": null,
              "code": "cy.get('#board-size').clear().type(50);\ncy.get('#generate-board').click();\ncy.get('.pixel').should('have.length', 2500);",
              "err": {
                "message": "CypressError: Timed out retrying: Expected to find element: '#board-size', but never found it.",
                "estack": "CypressError: Timed out retrying: Expected to find element: '#board-size', but never found it.\n    at cypressErr (http://localhost:34669/__cypress/runner/cypress_runner.js:149934:9)\n    at throwErr (http://localhost:34669/__cypress/runner/cypress_runner.js:149867:11)\n    at Object.throwErrByPath (http://localhost:34669/__cypress/runner/cypress_runner.js:149915:3)\n    at retry (http://localhost:34669/__cypress/runner/cypress_runner.js:144197:19)\n    at onFailFn (http://localhost:34669/__cypress/runner/cypress_runner.js:132448:16)\n    at tryCatcher (http://localhost:34669/__cypress/runner/cypress_runner.js:167415:23)\n    at Promise._settlePromiseFromHandler (http://localhost:34669/__cypress/runner/cypress_runner.js:165351:31)\n    at Promise._settlePromise (http://localhost:34669/__cypress/runner/cypress_runner.js:165408:18)\n    at Promise._settlePromise0 (http://localhost:34669/__cypress/runner/cypress_runner.js:165453:10)\n    at Promise._settlePromises (http://localhost:34669/__cypress/runner/cypress_runner.js:165528:18)\n    at Async../node_modules/bluebird/js/release/async.js.Async._drainQueue (http://localhost:34669/__cypress/runner/cypress_runner.js:162140:16)\n    at Async../node_modules/bluebird/js/release/async.js.Async._drainQueues (http://localhost:34669/__cypress/runner/cypress_runner.js:162150:10)\n    at Async.drainQueues (http://localhost:34669/__cypress/runner/cypress_runner.js:162024:14)",
                "diff": null
              },
              "uuid": "e5d107a2-c318-4473-9ebb-1d50fbfd89dd",
              "parentUUID": "02196447-5400-46db-83af-fc8e50cdac1c",
              "isHook": false,
              "skipped": false
            },
            {
              "title": "Verifica se a altura do board é 5 quando um valor menor é colocado no input",
              "fullTitle": "11 - Limite o tamanho mínimo e máximo do board. Verifica se a altura do board é 5 quando um valor menor é colocado no input",
              "timedOut": null,
              "duration": 5216,
              "state": "failed",
              "speed": null,
              "pass": false,
              "fail": true,
              "pending": false,
              "context": null,
              "code": "cy.get('#board-size').clear().type(4);\ncy.get('#generate-board').click();\ncy.get('.pixel').should('have.length', 25);",
              "err": {
                "message": "CypressError: Timed out retrying: Expected to find element: '#board-size', but never found it.",
                "estack": "CypressError: Timed out retrying: Expected to find element: '#board-size', but never found it.\n    at cypressErr (http://localhost:34669/__cypress/runner/cypress_runner.js:149934:9)\n    at throwErr (http://localhost:34669/__cypress/runner/cypress_runner.js:149867:11)\n    at Object.throwErrByPath (http://localhost:34669/__cypress/runner/cypress_runner.js:149915:3)\n    at retry (http://localhost:34669/__cypress/runner/cypress_runner.js:144197:19)\n    at onFailFn (http://localhost:34669/__cypress/runner/cypress_runner.js:132448:16)\n    at tryCatcher (http://localhost:34669/__cypress/runner/cypress_runner.js:167415:23)\n    at Promise._settlePromiseFromHandler (http://localhost:34669/__cypress/runner/cypress_runner.js:165351:31)\n    at Promise._settlePromise (http://localhost:34669/__cypress/runner/cypress_runner.js:165408:18)\n    at Promise._settlePromise0 (http://localhost:34669/__cypress/runner/cypress_runner.js:165453:10)\n    at Promise._settlePromises (http://localhost:34669/__cypress/runner/cypress_runner.js:165528:18)\n    at Async../node_modules/bluebird/js/release/async.js.Async._drainQueue (http://localhost:34669/__cypress/runner/cypress_runner.js:162140:16)\n    at Async../node_modules/bluebird/js/release/async.js.Async._drainQueues (http://localhost:34669/__cypress/runner/cypress_runner.js:162150:10)\n    at Async.drainQueues (http://localhost:34669/__cypress/runner/cypress_runner.js:162024:14)",
                "diff": null
              },
              "uuid": "9205230a-f4df-4540-b508-04b6cce0c7c1",
              "parentUUID": "02196447-5400-46db-83af-fc8e50cdac1c",
              "isHook": false,
              "skipped": false
            },
            {
              "title": "Verifica se a altura do board é 50 quando um valor maior é colocado no input",
              "fullTitle": "11 - Limite o tamanho mínimo e máximo do board. Verifica se a altura do board é 50 quando um valor maior é colocado no input",
              "timedOut": null,
              "duration": 4989,
              "state": "failed",
              "speed": null,
              "pass": false,
              "fail": true,
              "pending": false,
              "context": null,
              "code": "cy.get('#board-size').clear().type(51);\ncy.get('#generate-board').click();\ncy.get('.pixel').should('have.length', 2500);",
              "err": {
                "message": "CypressError: Timed out retrying: Expected to find element: '#board-size', but never found it.",
                "estack": "CypressError: Timed out retrying: Expected to find element: '#board-size', but never found it.\n    at cypressErr (http://localhost:34669/__cypress/runner/cypress_runner.js:149934:9)\n    at throwErr (http://localhost:34669/__cypress/runner/cypress_runner.js:149867:11)\n    at Object.throwErrByPath (http://localhost:34669/__cypress/runner/cypress_runner.js:149915:3)\n    at retry (http://localhost:34669/__cypress/runner/cypress_runner.js:144197:19)\n    at onFailFn (http://localhost:34669/__cypress/runner/cypress_runner.js:132448:16)\n    at tryCatcher (http://localhost:34669/__cypress/runner/cypress_runner.js:167415:23)\n    at Promise._settlePromiseFromHandler (http://localhost:34669/__cypress/runner/cypress_runner.js:165351:31)\n    at Promise._settlePromise (http://localhost:34669/__cypress/runner/cypress_runner.js:165408:18)\n    at Promise._settlePromise0 (http://localhost:34669/__cypress/runner/cypress_runner.js:165453:10)\n    at Promise._settlePromises (http://localhost:34669/__cypress/runner/cypress_runner.js:165528:18)\n    at Async../node_modules/bluebird/js/release/async.js.Async._drainQueue (http://localhost:34669/__cypress/runner/cypress_runner.js:162140:16)\n    at Async../node_modules/bluebird/js/release/async.js.Async._drainQueues (http://localhost:34669/__cypress/runner/cypress_runner.js:162150:10)\n    at Async.drainQueues (http://localhost:34669/__cypress/runner/cypress_runner.js:162024:14)",
                "diff": null
              },
              "uuid": "1b486216-a3ae-4a4b-8235-65edefe556eb",
              "parentUUID": "02196447-5400-46db-83af-fc8e50cdac1c",
              "isHook": false,
              "skipped": false
            }
          ],
          "suites": [],
          "passes": [],
          "failures": [
            "e5d107a2-c318-4473-9ebb-1d50fbfd89dd",
            "9205230a-f4df-4540-b508-04b6cce0c7c1",
            "1b486216-a3ae-4a4b-8235-65edefe556eb"
          ],
          "pending": [],
          "skipped": [],
          "duration": 16330,
          "root": false,
          "rootEmpty": false,
          "_timeout": 2000
        },
        {
          "uuid": "46cec8b8-c6ae-48a8-81bc-3e3595c63ef3",
          "title": "12 - Faça com que as cores da paleta sejam geradas aleatoriamente ao carregar a página.",
          "fullFile": "",
          "file": "",
          "beforeHooks": [],
          "afterHooks": [],
          "tests": [
            {
              "title": "Verifica se as cores geradas na paleta são diferentes a cada carregamento da página",
              "fullTitle": "12 - Faça com que as cores da paleta sejam geradas aleatoriamente ao carregar a página. Verifica se as cores geradas na paleta são diferentes a cada carregamento da página",
              "timedOut": null,
              "duration": 955,
              "state": "failed",
              "speed": null,
              "pass": false,
              "fail": true,
              "pending": false,
              "context": null,
              "code": "cy.get('.color').then(function (colors) {\n  var currentColors;\n  var previousColors;\n  previousColors = Array.from(colors).map(function (color) {\n    return Cypress.$(color).css('background-color');\n  });\n  for (var i = 0; i < 5; i += 1) {\n    cy.reload();\n    cy.get('.color').then(function (colors) {\n      currentColors = Array.from(colors).map(function (color) {\n        return Cypress.$(color).css('background-color');\n      });\n      expect(currentColors).not.to.deep.equal(previousColors);\n      previousColors = currentColors;\n    });\n  }\n});",
              "err": {
                "message": "AssertionError: expected [ Array(4) ] to not deeply equal [ Array(4) ]",
                "estack": "AssertionError: expected [ Array(4) ] to not deeply equal [ Array(4) ]\n    at getRet (http://localhost:34669/__cypress/runner/cypress_runner.js:136585:16)\n    at tryCatcher (http://localhost:34669/__cypress/runner/cypress_runner.js:167415:23)\n    at Function.Promise.attempt.Promise.try (http://localhost:34669/__cypress/runner/cypress_runner.js:164690:29)\n    at Context.thenFn (http://localhost:34669/__cypress/runner/cypress_runner.js:136599:23)\n    at Context.then (http://localhost:34669/__cypress/runner/cypress_runner.js:136971:21)\n    at Context.<anonymous> (http://localhost:34669/__cypress/runner/cypress_runner.js:148875:21)\n    at http://localhost:34669/__cypress/runner/cypress_runner.js:148351:33\n    at tryCatcher (http://localhost:34669/__cypress/runner/cypress_runner.js:167415:23)\n    at Promise._settlePromiseFromHandler (http://localhost:34669/__cypress/runner/cypress_runner.js:165351:31)\n    at Promise._settlePromise (http://localhost:34669/__cypress/runner/cypress_runner.js:165408:18)\n    at Promise._settlePromiseCtx (http://localhost:34669/__cypress/runner/cypress_runner.js:165445:10)\n    at Async../node_modules/bluebird/js/release/async.js.Async._drainQueue (http://localhost:34669/__cypress/runner/cypress_runner.js:162145:12)\n    at Async../node_modules/bluebird/js/release/async.js.Async._drainQueues (http://localhost:34669/__cypress/runner/cypress_runner.js:162150:10)\n    at Async.drainQueues (http://localhost:34669/__cypress/runner/cypress_runner.js:162024:14)",
                "diff": ""
              },
              "uuid": "628de55f-a5ce-41eb-be46-fe7669896994",
              "parentUUID": "46cec8b8-c6ae-48a8-81bc-3e3595c63ef3",
              "isHook": false,
              "skipped": false
            },
            {
              "title": "Verifica se a cor preta ainda está presente e é a primeira na sua paleta de cores",
              "fullTitle": "12 - Faça com que as cores da paleta sejam geradas aleatoriamente ao carregar a página. Verifica se a cor preta ainda está presente e é a primeira na sua paleta de cores",
              "timedOut": null,
              "duration": 1249,
              "state": "failed",
              "speed": null,
              "pass": false,
              "fail": true,
              "pending": false,
              "context": null,
              "code": "cy.get('.color').then(function (colors) {\n  var currentColors;\n  var previousColors;\n  previousColors = Array.from(colors).map(function (color) {\n    return Cypress.$(color).css('background-color');\n  });\n  expect(previousColors[0]).to.eq(BLACK);\n  for (var i = 0; i < 5; i += 1) {\n    cy.reload();\n    cy.get('.color').then(function (colors) {\n      currentColors = Array.from(colors).map(function (color) {\n        return Cypress.$(color).css('background-color');\n      });\n      expect(currentColors[0]).to.eq(BLACK);\n      expect(currentColors).not.to.deep.equal(previousColors);\n      previousColors = currentColors;\n    });\n  }\n});",
              "err": {
                "message": "AssertionError: expected [ Array(4) ] to not deeply equal [ Array(4) ]",
                "estack": "AssertionError: expected [ Array(4) ] to not deeply equal [ Array(4) ]\n    at getRet (http://localhost:34669/__cypress/runner/cypress_runner.js:136585:16)\n    at tryCatcher (http://localhost:34669/__cypress/runner/cypress_runner.js:167415:23)\n    at Function.Promise.attempt.Promise.try (http://localhost:34669/__cypress/runner/cypress_runner.js:164690:29)\n    at Context.thenFn (http://localhost:34669/__cypress/runner/cypress_runner.js:136599:23)\n    at Context.then (http://localhost:34669/__cypress/runner/cypress_runner.js:136971:21)\n    at Context.<anonymous> (http://localhost:34669/__cypress/runner/cypress_runner.js:148875:21)\n    at http://localhost:34669/__cypress/runner/cypress_runner.js:148351:33\n    at tryCatcher (http://localhost:34669/__cypress/runner/cypress_runner.js:167415:23)\n    at Promise._settlePromiseFromHandler (http://localhost:34669/__cypress/runner/cypress_runner.js:165351:31)\n    at Promise._settlePromise (http://localhost:34669/__cypress/runner/cypress_runner.js:165408:18)\n    at Promise._settlePromiseCtx (http://localhost:34669/__cypress/runner/cypress_runner.js:165445:10)\n    at Async../node_modules/bluebird/js/release/async.js.Async._drainQueue (http://localhost:34669/__cypress/runner/cypress_runner.js:162145:12)\n    at Async../node_modules/bluebird/js/release/async.js.Async._drainQueues (http://localhost:34669/__cypress/runner/cypress_runner.js:162150:10)\n    at Async.drainQueues (http://localhost:34669/__cypress/runner/cypress_runner.js:162024:14)",
                "diff": ""
              },
              "uuid": "97d78501-22e1-4c8e-926f-d948ac643020",
              "parentUUID": "46cec8b8-c6ae-48a8-81bc-3e3595c63ef3",
              "isHook": false,
              "skipped": false
            }
          ],
          "suites": [],
          "passes": [],
          "failures": [
            "628de55f-a5ce-41eb-be46-fe7669896994",
            "97d78501-22e1-4c8e-926f-d948ac643020"
          ],
          "pending": [],
          "skipped": [],
          "duration": 2204,
          "root": false,
          "rootEmpty": false,
          "_timeout": 2000
        }
      ],
      "passes": [],
      "failures": [],
      "pending": [],
      "skipped": [],
      "duration": 0,
      "root": true,
      "rootEmpty": true,
      "_timeout": 2000
    }
  ],
  "meta": {
    "mocha": {
      "version": "7.0.1"
    },
    "mochawesome": {
      "options": {
        "quiet": false,
        "reportFilename": "mochawesome",
        "saveHtml": false,
        "saveJson": true,
        "consoleReporter": "spec",
        "useInlineDiffs": false
      },
      "version": "4.1.0"
    },
    "marge": {
      "options": {
        "id": "default",
        "reportDir": "cypress/reports",
        "overwrite": true,
        "html": false,
        "json": true
      },
      "version": "4.1.0"
    }
  }
}